/bin/sh: /Users/jack/obsidian/jacks-vault/obsidian_git_push.sh: Permission denied
/bin/sh: /Users/jack/obsidian/jacks-vault/obsidian_git_push.sh: Permission denied
/bin/sh: /Users/jack/obsidian/jacks-vault/obsidian_git_push.sh: Permission denied
/bin/sh: /Users/jack/obsidian/jacks-vault/obsidian_git_push.sh: Permission denied
/bin/sh: /Users/jack/obsidian/jacks-vault/obsidian_git_push.sh: Permission denied
[main a81b2df] Auto-commit: 2025-02-25 11:20:00
 3 files changed, 16 insertions(+), 1 deletion(-)
 create mode 100644 obsidian_git_push.log
 create mode 100755 obsidian_git_push.sh
To github.com:jackcasstlesjones/vault.git
   a8e99a3..a81b2df  main -> main
[main 440246e] Auto-commit: 2025-02-25 11:40:00
 1 file changed, 6 insertions(+)
To github.com:jackcasstlesjones/vault.git
   a81b2df..440246e  main -> main
[main 51b3ea6] Auto-commit: 2025-02-25 12:00:00
 1 file changed, 4 insertions(+)
To github.com:jackcasstlesjones/vault.git
   440246e..51b3ea6  main -> main
[main 9bc89df] Auto-commit: 2025-02-25 12:20:00
 1 file changed, 4 insertions(+)
To github.com:jackcasstlesjones/vault.git
   51b3ea6..9bc89df  main -> main
[main 3756c43] Auto-commit: 2025-02-25 12:40:00
 1 file changed, 4 insertions(+)
To github.com:jackcasstlesjones/vault.git
   9bc89df..3756c43  main -> main
